
Listening on http://127.0.0.1:43707
Loading tidyverse: ggplot2
Loading tidyverse: tibble
Loading tidyverse: tidyr
Loading tidyverse: readr
Loading tidyverse: purrr
Loading tidyverse: dplyr
Conflicts with tidy packages ---------------------------------------------------
filter(): dplyr, stats
lag():    dplyr, stats
Warning: Error in : '~/usa-health-trends/USA health 2.csv' does not exist.
Stack trace (innermost first):
    44: check_path
    43: standardise_path
    42: read_delimited
    41: read_csv
     1: runApp
Error : An error has occurred. Check your logs or contact the app author for clarification.
Warning: Error in : '~/usa-health-trends/USA health 2.csv' does not exist.
Stack trace (innermost first):
    44: check_path
    43: standardise_path
    42: read_delimited
    41: read_csv
     1: runApp
Error : An error has occurred. Check your logs or contact the app author for clarification.
Warning: Error in : '~/usa-health-trends/USA health 2.csv' does not exist.
Stack trace (innermost first):
    44: check_path
    43: standardise_path
    42: read_delimited
    41: read_csv
     1: runApp
Error : An error has occurred. Check your logs or contact the app author for clarification.
Warning: Error in : '~/usa-health-trends/USA health 2.csv' does not exist.
Stack trace (innermost first):
    44: check_path
    43: standardise_path
    42: read_delimited
    41: read_csv
     1: runApp
Error : An error has occurred. Check your logs or contact the app author for clarification.
Warning: Error in : '~/usa-health-trends/USA health 2.csv' does not exist.
Stack trace (innermost first):
    44: check_path
    43: standardise_path
    42: read_delimited
    41: read_csv
     1: runApp
Error : An error has occurred. Check your logs or contact the app author for clarification.
Warning: Error in : '~/usa-health-trends/USA health 2.csv' does not exist.
Stack trace (innermost first):
    44: check_path
    43: standardise_path
    42: read_delimited
    41: read_csv
     1: runApp
Error : An error has occurred. Check your logs or contact the app author for clarification.
Warning: Error in : '~/usa-health-trends/USA health 2.csv' does not exist.
Stack trace (innermost first):
    44: check_path
    43: standardise_path
    42: read_delimited
    41: read_csv
     1: runApp
Error : An error has occurred. Check your logs or contact the app author for clarification.
Warning: Error in : '~/usa-health-trends/USA health 2.csv' does not exist.
Stack trace (innermost first):
    44: check_path
    43: standardise_path
    42: read_delimited
    41: read_csv
     1: runApp
Error : An error has occurred. Check your logs or contact the app author for clarification.
